2016/08/29 16:32:23 INFO  - jmeter.util.JMeterUtils: Setting Locale to en_US 
2016/08/29 16:32:23 INFO  - jmeter.JMeter: Loading user properties from: D:\JMeterCustomSampler\umapi\config\log4j.properties 
2016/08/29 16:32:23 INFO  - jmeter.JMeter: Loading system properties from: D:\Program Files\apache-jmeter-2.9\bin\system.properties 
2016/08/29 16:32:23 INFO  - jmeter.JMeter: Copyright (c) 1998-2013 The Apache Software Foundation 
2016/08/29 16:32:23 INFO  - jmeter.JMeter: Version 2.9 r1437961 
2016/08/29 16:32:23 INFO  - jmeter.JMeter: java.version=1.6.0_35 
2016/08/29 16:32:23 INFO  - jmeter.JMeter: java.vm.name=Java HotSpot(TM) Client VM 
2016/08/29 16:32:23 INFO  - jmeter.JMeter: os.name=Windows 7 
2016/08/29 16:32:23 INFO  - jmeter.JMeter: os.arch=x86 
2016/08/29 16:32:23 INFO  - jmeter.JMeter: os.version=6.1 
2016/08/29 16:32:23 INFO  - jmeter.JMeter: file.encoding=Cp1252 
2016/08/29 16:32:23 INFO  - jmeter.JMeter: Default Locale=English (United States) 
2016/08/29 16:32:23 INFO  - jmeter.JMeter: JMeter  Locale=English (United States) 
2016/08/29 16:32:23 INFO  - jmeter.JMeter: JMeterHome=D:\Program Files\apache-jmeter-2.9 
2016/08/29 16:32:23 INFO  - jmeter.JMeter: user.dir  =D:\Program Files\apache-jmeter-2.9\bin 
2016/08/29 16:32:23 INFO  - jmeter.JMeter: PWD       =D:\Program Files\apache-jmeter-2.9\bin 
2016/08/29 16:32:23 INFO  - jmeter.JMeter: IP: 192.168.1.61 Name: PC7KC1SUPT06 FullName: PC7KC1SUPT06.netsdomain.nets.com.sg 
2016/08/29 16:32:23 INFO  - jmeter.JMeter: user.classpath=D:/JMeterCustomSampler/umapi/config;D:/JMeterCustomSampler/umapi/lib/castor-0.9.7.jar;D:/JMeterCustomSampler/umapi/lib/commons-codec-1.3.jar;D:/JMeterCustomSampler/umapi/lib/commons-httpclient-3.0-rc3.jar;D:/JMeterCustomSampler/umapi/lib/commons-lang.jar;D:/JMeterCustomSampler/umapi/lib/commons-logging.jar;D:/JMeterCustomSampler/umapi/lib/cryptix-jce-api.jar;D:/JMeterCustomSampler/umapi/lib/cryptix-jce-provider.jar;D:/JMeterCustomSampler/umapi/lib/cryptix-message-api.jar;D:/JMeterCustomSampler/umapi/lib/cryptix-openpgp-provider.jar;D:/JMeterCustomSampler/umapi/lib/cryptix-pki-api.jar;D:/JMeterCustomSampler/umapi/lib/dom4j.jar;D:/JMeterCustomSampler/umapi/lib/log4j-1.2.9.jar;D:/JMeterCustomSampler/umapi/lib/umapi_v1.3.jar;D:/JMeterCustomSampler/umapi/lib/xerces.jar;D:/JMeterCustomSampler/sfa/config;D:/JMeterCustomSampler/sfa/lib/SFAv3.2_1.jar;D:/JMeterCustomSampler/sfa/lib/HTTPClient.jar;D:/JMeterCustomSampler/sfa/lib/Utils.jar;D:/JMeterCustomSampler/epg/config;D:/JMeterCustomSampler/epg/lib/epg-helpers.jar 
2016/08/29 16:32:23 INFO  - jmeter.JMeter: Adding to classpath: D:/JMeterCustomSampler/umapi/config 
2016/08/29 16:32:23 INFO  - jmeter.JMeter: Adding to classpath: D:/JMeterCustomSampler/umapi/lib/castor-0.9.7.jar 
2016/08/29 16:32:23 WARN  - jmeter.JMeter: Can't read D:/JMeterCustomSampler/umapi/lib/commons-codec-1.3.jar 
2016/08/29 16:32:23 WARN  - jmeter.JMeter: Can't read D:/JMeterCustomSampler/umapi/lib/commons-httpclient-3.0-rc3.jar 
2016/08/29 16:32:23 WARN  - jmeter.JMeter: Can't read D:/JMeterCustomSampler/umapi/lib/commons-lang.jar 
2016/08/29 16:32:23 INFO  - jmeter.JMeter: Adding to classpath: D:/JMeterCustomSampler/umapi/lib/commons-logging.jar 
2016/08/29 16:32:23 INFO  - jmeter.JMeter: Adding to classpath: D:/JMeterCustomSampler/umapi/lib/cryptix-jce-api.jar 
2016/08/29 16:32:23 INFO  - jmeter.JMeter: Adding to classpath: D:/JMeterCustomSampler/umapi/lib/cryptix-jce-provider.jar 
2016/08/29 16:32:23 INFO  - jmeter.JMeter: Adding to classpath: D:/JMeterCustomSampler/umapi/lib/cryptix-message-api.jar 
2016/08/29 16:32:23 INFO  - jmeter.JMeter: Adding to classpath: D:/JMeterCustomSampler/umapi/lib/cryptix-openpgp-provider.jar 
2016/08/29 16:32:23 INFO  - jmeter.JMeter: Adding to classpath: D:/JMeterCustomSampler/umapi/lib/cryptix-pki-api.jar 
2016/08/29 16:32:23 INFO  - jmeter.JMeter: Adding to classpath: D:/JMeterCustomSampler/umapi/lib/dom4j.jar 
2016/08/29 16:32:23 INFO  - jmeter.JMeter: Adding to classpath: D:/JMeterCustomSampler/umapi/lib/log4j-1.2.9.jar 
2016/08/29 16:32:23 INFO  - jmeter.JMeter: Adding to classpath: D:/JMeterCustomSampler/umapi/lib/umapi_v1.3.jar 
2016/08/29 16:32:23 INFO  - jmeter.JMeter: Adding to classpath: D:/JMeterCustomSampler/umapi/lib/xerces.jar 
2016/08/29 16:32:23 INFO  - jmeter.JMeter: Adding to classpath: D:/JMeterCustomSampler/sfa/config 
2016/08/29 16:32:23 INFO  - jmeter.JMeter: Adding to classpath: D:/JMeterCustomSampler/sfa/lib/SFAv3.2_1.jar 
2016/08/29 16:32:23 INFO  - jmeter.JMeter: Adding to classpath: D:/JMeterCustomSampler/sfa/lib/HTTPClient.jar 
2016/08/29 16:32:23 INFO  - jmeter.JMeter: Adding to classpath: D:/JMeterCustomSampler/sfa/lib/Utils.jar 
2016/08/29 16:32:23 INFO  - jmeter.JMeter: Adding to classpath: D:/JMeterCustomSampler/epg/config 
2016/08/29 16:32:23 INFO  - jmeter.JMeter: Adding to classpath: D:/JMeterCustomSampler/epg/lib/epg-helpers.jar 
2016/08/29 16:32:23 INFO  - jmeter.JMeter: Loaded icon properties from org/apache/jmeter/images/icon.properties 
2016/08/29 16:32:23 INFO  - jmeter.engine.util.CompoundVariable: Note: Function class names must contain the string: '.functions.' 
2016/08/29 16:32:23 INFO  - jmeter.engine.util.CompoundVariable: Note: Function class names must not contain the string: '.gui.' 
2016/08/29 16:32:23 INFO  - jmeter.gui.action.LookAndFeelCommand: Using look and feel: javax.swing.plaf.metal.MetalLookAndFeel [Metal, CrossPlatform] 
2016/08/29 16:32:24 INFO  - jmeter.util.BSFTestElement: Registering JMeter version of JavaScript engine as work-round for BSF-22 
2016/08/29 16:32:24 INFO  - jmeter.protocol.http.sampler.HTTPSamplerBase: Cannot find .className property for htmlParser, using default 
2016/08/29 16:32:24 INFO  - jmeter.protocol.http.sampler.HTTPSamplerBase: Parser for text/html is  
2016/08/29 16:32:24 INFO  - jmeter.protocol.http.sampler.HTTPSamplerBase: Parser for application/xhtml+xml is  
2016/08/29 16:32:24 INFO  - jmeter.protocol.http.sampler.HTTPSamplerBase: Parser for application/xml is  
2016/08/29 16:32:24 INFO  - jmeter.protocol.http.sampler.HTTPSamplerBase: Parser for text/xml is  
2016/08/29 16:32:24 INFO  - jmeter.protocol.http.sampler.HTTPSamplerBase: Parser for text/vnd.wap.wml is org.apache.jmeter.protocol.http.parser.RegexpHTMLParser 
2016/08/29 16:32:24 INFO  - jmeter.protocol.http.sampler.HTTPSamplerBase: Reuse SSL session context on subsequent iterations: true 
2016/08/29 16:32:24 INFO  - jmeter.gui.util.MenuFactory: Skipping org.apache.jmeter.protocol.http.modifier.gui.ParamModifierGui 
2016/08/29 16:32:25 INFO  - jmeter.samplers.SampleResult: Note: Sample TimeStamps are START times 
2016/08/29 16:32:25 INFO  - jmeter.samplers.SampleResult: sampleresult.default.encoding is set to ISO-8859-1 
2016/08/29 16:32:25 INFO  - jmeter.samplers.SampleResult: sampleresult.useNanoTime=true 
2016/08/29 16:32:25 INFO  - jmeter.samplers.SampleResult: sampleresult.nanoThreadSleep=5000 
2016/08/29 16:32:32 INFO  - jmeter.services.FileServer: Default base='D:\Program Files\apache-jmeter-2.9\bin' 
2016/08/29 16:32:32 INFO  - jmeter.gui.action.Load: Loading file: D:\Program Files\apache-jmeter-2.9\bin\2015-09-23_2\2015-09-23_2.jmx 
2016/08/29 16:32:32 INFO  - jmeter.services.FileServer: Set new base='D:\Program Files\apache-jmeter-2.9\bin\2015-09-23_2' 
2016/08/29 16:32:32 INFO  - jmeter.save.SaveService: Testplan (JMX) version: 2.2. Testlog (JTL) version: 2.2 
2016/08/29 16:32:32 INFO  - jmeter.save.SaveService: Using SaveService properties file encoding UTF-8 
2016/08/29 16:32:32 INFO  - jmeter.save.SaveService: Using SaveService properties file version 1427507 
2016/08/29 16:32:32 INFO  - jmeter.save.SaveService: Using SaveService properties version 2.4 
2016/08/29 16:32:32 INFO  - jmeter.save.SaveService: All converter versions present and correct 
2016/08/29 16:32:33 INFO  - jmeter.services.FileServer: Set new base='D:\Program Files\apache-jmeter-2.9\bin\2015-09-23_2' 
2016/08/29 16:34:21 INFO  - jmeter.services.FileServer: Set new base='D:\Program Files\apache-jmeter-2.9\bin\2015-09-23_2' 
2016/08/29 16:34:27 INFO  - jmeter.gui.action.RemoteStart: Initialising remote engine: 192.168.1.62 
2016/08/29 16:34:27 INFO  - jmeter.engine.ClientJMeterEngine: running clientengine run method 
2016/08/29 16:34:27 INFO  - jmeter.samplers.DiskStoreSampleSender: Using DiskStoreSampleSender for this test run 
2016/08/29 16:34:27 INFO  - jmeter.samplers.DiskStoreSampleSender: Using DiskStoreSampleSender for this test run 
2016/08/29 16:34:27 INFO  - jmeter.samplers.DiskStoreSampleSender: Using DiskStoreSampleSender for this test run 
2016/08/29 16:34:27 INFO  - jmeter.samplers.DiskStoreSampleSender: Using DiskStoreSampleSender for this test run 
2016/08/29 16:34:27 INFO  - jmeter.engine.ClientJMeterEngine: sent test to 192.168.1.62 basedir='2015-09-23_2' 
2016/08/29 16:34:27 INFO  - jmeter.engine.ClientJMeterEngine: Sending properties {} 
2016/08/29 16:34:27 INFO  - jmeter.engine.ClientJMeterEngine: sent run command to 192.168.1.62 
2016/08/29 16:34:27 INFO  - jmeter.gui.util.JMeterMenuBar: setRunning(true,192.168.1.62) 
2016/08/29 16:34:39 INFO  - jmeter.gui.util.JMeterMenuBar: setRunning(false,192.168.1.62) 
2016/08/29 17:03:00 ERROR - jmeter.engine.ClientJMeterEngine: Failed to reset remote engine java.lang.IllegalStateException: The engine is not owned by this thread - cannot call reset
	at org.apache.jmeter.engine.RemoteJMeterEngineImpl.checkOwner(RemoteJMeterEngineImpl.java:229)
	at org.apache.jmeter.engine.RemoteJMeterEngineImpl.rreset(RemoteJMeterEngineImpl.java:167)
	at sun.reflect.NativeMethodAccessorImpl.invoke0(Native Method)
	at sun.reflect.NativeMethodAccessorImpl.invoke(NativeMethodAccessorImpl.java:39)
	at sun.reflect.DelegatingMethodAccessorImpl.invoke(DelegatingMethodAccessorImpl.java:25)
	at java.lang.reflect.Method.invoke(Method.java:597)
	at sun.rmi.server.UnicastServerRef.dispatch(UnicastServerRef.java:303)
	at sun.rmi.transport.Transport$1.run(Transport.java:159)
	at java.security.AccessController.doPrivileged(Native Method)
	at sun.rmi.transport.Transport.serviceCall(Transport.java:155)
	at sun.rmi.transport.tcp.TCPTransport.handleMessages(TCPTransport.java:535)
	at sun.rmi.transport.tcp.TCPTransport$ConnectionHandler.run0(TCPTransport.java:790)
	at sun.rmi.transport.tcp.TCPTransport$ConnectionHandler.run(TCPTransport.java:649)
	at java.util.concurrent.ThreadPoolExecutor$Worker.runTask(ThreadPoolExecutor.java:886)
	at java.util.concurrent.ThreadPoolExecutor$Worker.run(ThreadPoolExecutor.java:908)
	at java.lang.Thread.run(Thread.java:662)
	at sun.rmi.transport.StreamRemoteCall.exceptionReceivedFromServer(StreamRemoteCall.java:255)
	at sun.rmi.transport.StreamRemoteCall.executeCall(StreamRemoteCall.java:233)
	at sun.rmi.server.UnicastRef.invoke(UnicastRef.java:142)
	at org.apache.jmeter.engine.RemoteJMeterEngineImpl_Stub.rreset(Unknown Source)
	at org.apache.jmeter.engine.ClientJMeterEngine.reset(ClientJMeterEngine.java:95)
	at org.apache.jmeter.gui.action.RemoteStart.doRemoteInit(RemoteStart.java:185)
	at org.apache.jmeter.gui.action.RemoteStart.doAction(RemoteStart.java:79)
	at org.apache.jmeter.gui.action.ActionRouter.performAction(ActionRouter.java:81)
	at org.apache.jmeter.gui.action.ActionRouter.access$000(ActionRouter.java:40)
	at org.apache.jmeter.gui.action.ActionRouter$1.run(ActionRouter.java:63)
	at java.awt.event.InvocationEvent.dispatch(InvocationEvent.java:209)
	at java.awt.EventQueue.dispatchEventImpl(EventQueue.java:666)
	at java.awt.EventQueue.access$400(EventQueue.java:81)
	at java.awt.EventQueue$2.run(EventQueue.java:627)
	at java.awt.EventQueue$2.run(EventQueue.java:625)
	at java.security.AccessController.doPrivileged(Native Method)
	at java.security.AccessControlContext$1.doIntersectionPrivilege(AccessControlContext.java:87)
	at java.awt.EventQueue.dispatchEvent(EventQueue.java:636)
	at java.awt.EventDispatchThread.pumpOneEventForFilters(EventDispatchThread.java:269)
	at java.awt.EventDispatchThread.pumpEventsForFilter(EventDispatchThread.java:184)
	at java.awt.EventDispatchThread.pumpEventsForHierarchy(EventDispatchThread.java:174)
	at java.awt.EventDispatchThread.pumpEvents(EventDispatchThread.java:169)
	at java.awt.EventDispatchThread.pumpEvents(EventDispatchThread.java:161)
	at java.awt.EventDispatchThread.run(EventDispatchThread.java:122)

2016/08/29 17:03:00 INFO  - jmeter.engine.ClientJMeterEngine: running clientengine run method 
2016/08/29 17:03:00 INFO  - jmeter.samplers.DiskStoreSampleSender: Using DiskStoreSampleSender for this test run 
2016/08/29 17:03:00 INFO  - jmeter.samplers.DiskStoreSampleSender: Using DiskStoreSampleSender for this test run 
2016/08/29 17:03:00 INFO  - jmeter.samplers.DiskStoreSampleSender: Using DiskStoreSampleSender for this test run 
2016/08/29 17:03:00 INFO  - jmeter.samplers.DiskStoreSampleSender: Using DiskStoreSampleSender for this test run 
2016/08/29 17:03:00 INFO  - jmeter.engine.ClientJMeterEngine: sent test to 192.168.1.62 basedir='2015-09-23_2' 
2016/08/29 17:03:00 INFO  - jmeter.engine.ClientJMeterEngine: Sending properties {} 
2016/08/29 17:03:00 INFO  - jmeter.engine.ClientJMeterEngine: sent run command to 192.168.1.62 
2016/08/29 17:03:00 INFO  - jmeter.gui.util.JMeterMenuBar: setRunning(true,192.168.1.62) 
2016/08/29 17:03:12 INFO  - jmeter.gui.util.JMeterMenuBar: setRunning(false,192.168.1.62) 
2016/08/29 17:03:31 INFO  - jmeter.engine.ClientJMeterEngine: running clientengine run method 
2016/08/29 17:03:31 INFO  - jmeter.samplers.DiskStoreSampleSender: Using DiskStoreSampleSender for this test run 
2016/08/29 17:03:31 INFO  - jmeter.samplers.DiskStoreSampleSender: Using DiskStoreSampleSender for this test run 
2016/08/29 17:03:31 INFO  - jmeter.samplers.DiskStoreSampleSender: Using DiskStoreSampleSender for this test run 
2016/08/29 17:03:31 INFO  - jmeter.samplers.DiskStoreSampleSender: Using DiskStoreSampleSender for this test run 
2016/08/29 17:03:31 INFO  - jmeter.engine.ClientJMeterEngine: sent test to 192.168.1.62 basedir='2015-09-23_2' 
2016/08/29 17:03:31 INFO  - jmeter.engine.ClientJMeterEngine: Sending properties {} 
2016/08/29 17:03:31 INFO  - jmeter.engine.ClientJMeterEngine: sent run command to 192.168.1.62 
2016/08/29 17:03:31 INFO  - jmeter.gui.util.JMeterMenuBar: setRunning(true,192.168.1.62) 
2016/08/29 17:03:43 INFO  - jmeter.gui.util.JMeterMenuBar: setRunning(false,192.168.1.62) 
2016/08/29 17:03:55 INFO  - jmeter.engine.ClientJMeterEngine: running clientengine run method 
2016/08/29 17:03:55 INFO  - jmeter.samplers.DiskStoreSampleSender: Using DiskStoreSampleSender for this test run 
2016/08/29 17:03:55 INFO  - jmeter.samplers.DiskStoreSampleSender: Using DiskStoreSampleSender for this test run 
2016/08/29 17:03:55 INFO  - jmeter.samplers.DiskStoreSampleSender: Using DiskStoreSampleSender for this test run 
2016/08/29 17:03:55 INFO  - jmeter.samplers.DiskStoreSampleSender: Using DiskStoreSampleSender for this test run 
2016/08/29 17:03:55 INFO  - jmeter.engine.ClientJMeterEngine: sent test to 192.168.1.62 basedir='2015-09-23_2' 
2016/08/29 17:03:55 INFO  - jmeter.engine.ClientJMeterEngine: Sending properties {} 
2016/08/29 17:03:55 INFO  - jmeter.engine.ClientJMeterEngine: sent run command to 192.168.1.62 
2016/08/29 17:03:55 INFO  - jmeter.gui.util.JMeterMenuBar: setRunning(true,192.168.1.62) 
2016/08/29 17:04:07 INFO  - jmeter.gui.util.JMeterMenuBar: setRunning(false,192.168.1.62) 
2016/08/29 17:04:19 INFO  - jmeter.engine.ClientJMeterEngine: running clientengine run method 
2016/08/29 17:04:19 INFO  - jmeter.samplers.DiskStoreSampleSender: Using DiskStoreSampleSender for this test run 
2016/08/29 17:04:19 INFO  - jmeter.samplers.DiskStoreSampleSender: Using DiskStoreSampleSender for this test run 
2016/08/29 17:04:19 INFO  - jmeter.samplers.DiskStoreSampleSender: Using DiskStoreSampleSender for this test run 
2016/08/29 17:04:19 INFO  - jmeter.samplers.DiskStoreSampleSender: Using DiskStoreSampleSender for this test run 
2016/08/29 17:04:19 INFO  - jmeter.engine.ClientJMeterEngine: sent test to 192.168.1.62 basedir='2015-09-23_2' 
2016/08/29 17:04:19 INFO  - jmeter.engine.ClientJMeterEngine: Sending properties {} 
2016/08/29 17:04:19 INFO  - jmeter.engine.ClientJMeterEngine: sent run command to 192.168.1.62 
2016/08/29 17:04:19 INFO  - jmeter.gui.util.JMeterMenuBar: setRunning(true,192.168.1.62) 
2016/08/29 17:04:31 INFO  - jmeter.gui.util.JMeterMenuBar: setRunning(false,192.168.1.62) 
